[18:17:29] [main/INFO]: Setting user: Player578
[18:17:43] [Client thread/INFO]: LWJGL Version: 2.9.1
[18:18:29] [Client thread/INFO]: Reloading ResourceManager: Default, FMLFileResourcePack:Forge Mod Loader, FMLFileResourcePack:Minecraft Forge, FMLFileResourcePack:Miner Utils
[18:18:32] [Sound Library Loader/INFO]: Sound engine started
[18:18:50] [Client thread/INFO]: Created: 512x256 textures/blocks-atlas
[18:18:51] [Client thread/INFO]: Created: 256x256 textures/items-atlas
[18:18:52] [Client thread/INFO]: Reloading ResourceManager: Default, FMLFileResourcePack:Forge Mod Loader, FMLFileResourcePack:Minecraft Forge, FMLFileResourcePack:Miner Utils
[18:18:54] [Client thread/INFO]: Created: 512x256 textures/blocks-atlas
[18:18:55] [Client thread/INFO]: Created: 256x256 textures/items-atlas
[18:18:56] [Sound Library Loader/INFO]: Sound engine started
[18:20:46] [Server thread/INFO]: Starting integrated minecraft server version 1.7.10
[18:20:46] [Server thread/INFO]: Generating keypair
[18:20:48] [Server thread/INFO]: Preparing start region for level 0
[18:20:49] [Server thread/INFO]: Preparing spawn area: 1%
[18:20:50] [Server thread/INFO]: Preparing spawn area: 65%
[18:20:51] [Server thread/INFO]: Changing view distance to 2, from 10
[18:20:55] [Server thread/INFO]: Player578[local:E:6e0b22c2] logged in with entity id 224 at (-1201.3598118982084, 4.0, 189.0644349200173)
[18:20:56] [Server thread/INFO]: Player578 joined the game
[18:21:01] [Server thread/WARN]: Can't keep up! Did the system time change, or is the server overloaded? Running 6143ms behind, skipping 122 tick(s)
[18:21:22] [Server thread/WARN]: Can't keep up! Did the system time change, or is the server overloaded? Running 8861ms behind, skipping 177 tick(s)
[18:21:30] [Server thread/INFO]: Player578 has just earned the achievement [Taking Inventory]
[18:21:30] [Client thread/INFO]: [CHAT] Player578 has just earned the achievement [Taking Inventory]
[18:21:50] [Server thread/WARN]: Can't keep up! Did the system time change, or is the server overloaded? Running 3055ms behind, skipping 61 tick(s)
[18:22:26] [Client thread/INFO]: [CHAT] minerutils:itemCrafter, minecraft:record_13, minecraft:cauldron, minecraft:heavy_weighted_pressure_plate, minecraft:wooden_pickaxe, minecraft:cooked_porkchop, minecraft:chainmail_leggings, minecraft:bread, minecraft:emerald_block, minecraft:birch_stairs, minecraft:melon_block, minecraft:iron_block, minecraft:item_frame, minecraft:comparator, minecraft:coal, minecraft:sapling, minecraft:compass, minecraft:diamond_shovel, minecraft:stone, minecraft:flowing_lava, minecraft:wheat_seeds, minecraft:diamond_horse_armor, minecraft:jukebox, minecraft:carrot_on_a_stick, minecraft:record_ward, minecraft:diamond_leggings, minecraft:gold_ingot, minecraft:cake, minecraft:record_mall, minecraft:diamond_boots, minecraft:cooked_beef, minecraft:writable_book, minecraft:flowing_water, minecraft:brick, minecraft:feather, minecraft:wool, minecraft:porkchop, minecraft:iron_horse_armor, minecraft:netherrack, minecraft:log2, minecraft:name_tag, minecraft:torch, minecraft:redstone_ore, minecraft:furnace, minecraft:fire_charge, minecraft:spruce_stairs, minecraft:stone_stairs, minecraft:ice, minecraft:reeds, minecraft:gunpowder, minecraft:double_plant, minecraft:carrot, minecraft:bucket, minecraft:golden_sword, minecraft:minecart, minecraft:brick_block, minecraft:nether_brick, minecraft:iron_helmet, minecraft:enchanting_table, minecraft:diamond, minecraft:stonebrick, minecraft:vine, minecraft:log, minecraft:repeater, minecraft:coal_block, minecraft:stone_button, minecraft:gold_block, minecraft:golden_horse_armor, minecraft:glass_bottle, minecraft:quartz_block, minecraft:end_portal, minecraft:fish, minecraft:quartz_ore, minecraft:stained_hardened_clay, minecraft:command_block, minecraft:bowl, minecraft:waterlily, minecraft:dark_oak_stairs, minecraft:oak_stairs, minecraft:grass, minecraft:mycelium, minecraft:cobblestone, minecraft:arrow, minecraft:quartz_stairs, minecraft:ender_chest, minecraft:quartz, minecraft:dirt, minecraft:bow, minecraft:anvil, minecraft:lava, minecraft:diamond_hoe, minecraft:lit_furnace, minecraft:diamond_block, minecraft:filled_map, minecraft:jungle_stairs, minecraft:melon, minecraft:chest_minecart, minecraft:stone_pressure_plate, minecraft:gold_ore, minecraft:golden_boots, minecraft:wooden_shovel, minecraft:hopper, minecraft:enchanted_book, minecraft:spider_eye, minecraft:baked_potato, minecraft:melon_seeds, minecraft:brown_mushroom, minecraft:yellow_flower, minecraft:redstone_torch, minecraft:hopper_minecart, minecraft:double_wooden_slab, minecraft:flint_and_steel, minecraft:string, minecraft:leaves2, minecraft:farmland, minecraft:nether_star, minecraft:brewing_stand, minecraft:glowstone, minecraft:apple, minecraft:boat, minecraft:record_wait, minecraft:potato, minecraft:pumpkin, minecraft:dragon_egg, minecraft:blaze_rod, minecraft:sandstone, minecraft:detector_rail, minecraft:light_weighted_pressure_plate, minecraft:golden_hoe, minecraft:painting, minecraft:stone_hoe, minecraft:golden_shovel, minecraft:iron_chestplate, minecraft:record_stal, minecraft:skull, minecraft:lava_bucket, minecraft:leather_chestplate, minecraft:stone_pickaxe, minecraft:record_mellohi, minecraft:cookie, minecraft:diamond_pickaxe, minecraft:cactus, minecraft:lapis_ore, minecraft:cooked_fished, minerutils:blockDiamondGlass, minecraft:redstone_block, minecraft:sandstone_stairs, minecraft:blaze_powder, minecraft:diamond_helmet, minecraft:command_block_minecart, minecraft:clock, minecraft:iron_leggings, minecraft:wooden_hoe, minecraft:slime_ball, minecraft:rotten_flesh, minecraft:saddle, minecraft:acacia_stairs, minecraft:record_blocks, minecraft:potion, minecraft:experience_bottle, minecraft:redstone, minecraft:netherbrick, minecraft:brick_stairs, minecraft:mushroom_stew, minecraft:map, minecraft:daylight_detector, minecraft:water_bucket, minecraft:lead, minecraft:chicken, minecraft:piston, minecraft:snow_layer, minecraft:firework_charge, minecraft:nether_wart, minerutils:blockSuperClearGlass, minecraft:red_mushroom, minecraft:chest, minecraft:fishing_rod, minecraft:iron_sword, minecraft:sticky_piston, minecraft:coal_ore, minecraft:golden_pickaxe, minecraft:bedrock, minecraft:pumpkin_pie, minecraft:iron_hoe, minecraft:record_11, minecraft:gravel, minecraft:crafting_table, minecraft:wheat, minecraft:wooden_pressure_plate, minecraft:pumpkin_seeds, minecraft:snowball, minecraft:iron_ingot, minecraft:lapis_block, minecraft:lever, minecraft:bone, minecraft:paper, minecraft:chainmail_chestplate, minecraft:leather, minecraft:end_portal_frame, minecraft:diamond_axe, minecraft:sign, minecraft:chainmail_helmet, minecraft:carrots, minecraft:noteblock, minecraft:glass, minecraft:fence, minecraft:clay_ball, minecraft:tallgrass, minecraft:milk_bucket, minecraft:packed_ice, minecraft:trapped_chest, minecraft:red_mushroom_block, minecraft:diamond_sword, minecraft:tnt_minecart, minecraft:flower_pot, minecraft:brown_mushroom_block, minecraft:emerald, minecraft:beacon, minecraft:gold_nugget, minecraft:red_flower, minecraft:golden_helmet, minecraft:dropper, minecraft:glass_pane, minecraft:leather_leggings, minecraft:iron_shovel, minecraft:book, minecraft:fire, minecraft:golden_apple, minecraft:dye, minecraft:leather_boots, minecraft:wooden_sword, minecraft:soul_sand, minecraft:diamond_ore, minecraft:deadbush, minecraft:fireworks, minecraft:speckled_melon, minecraft:bookshelf, minecraft:magma_cream, minecraft:redstone_lamp, minecraft:sand, minecraft:ender_pearl, minecraft:furnace_minecart, minecraft:iron_door, minecraft:snow, minecraft:wooden_door, minecraft:stone_brick_stairs, minecraft:portal, minecraft:chainmail_boots, minecraft:iron_boots, minecraft:golden_axe, minecraft:fence_gate, minecraft:ghast_tear, minecraft:obsidian, minecraft:diamond_chestplate, minecraft:ender_eye, minecraft:iron_pickaxe, minecraft:clay, minecraft:mossy_cobblestone, minecraft:stone_axe, minecraft:golden_carrot, minecraft:lit_pumpkin, minecraft:stick, minecraft:spawn_egg, minecraft:iron_ore, minecraft:web, minecraft:sugar, minecraft:golden_chestplate, minecraft:hay_block, minecraft:poisonous_potato, minecraft:nether_brick_stairs, minecraft:cooked_chicken, minecraft:wooden_button, minecraft:egg, minecraft:double_stone_slab, minecraft:wooden_axe, minecraft:tnt, minecraft:stone_slab, minecraft:potatoes, minecraft:emerald_ore, minecraft:beef, minecraft:record_cat, minecraft:leaves, minecraft:tripwire_hook, minecraft:fermented_spider_eye, minecraft:activator_rail, minecraft:trapdoor, minecraft:record_far, minecraft:leather_helmet, minecraft:written_book, minecraft:water, minecraft:golden_rail, minecraft:shears, minecraft:golden_leggings, minecraft:carpet, minecraft:flint, minecraft:nether_brick_fence, minecraft:record_strad, minecraft:planks, minecraft:glowstone_dust, minecraft:dispenser, minecraft:record_chirp, minecraft:hardened_clay, minecraft:bed, minecraft:stained_glass_pane, minecraft:sponge, minecraft:cocoa, minecraft:iron_bars, minecraft:stained_glass, minecraft:stone_sword, minecraft:rail, minecraft:monster_egg, minecraft:mob_spawner, minecraft:iron_axe, minecraft:wooden_slab, minecraft:stone_shovel, minecraft:cobblestone_wall, minecraft:ladder, minecraft:end_stone
[18:22:35] [Server thread/INFO]: [Player578: Given [Lava Bucket] * 1 to Player578]
[18:22:35] [Client thread/INFO]: [CHAT] Given [Lava Bucket] * 1 to Player578
[18:22:37] [Server thread/INFO]: [Player578: Given [Lava Bucket] * 1 to Player578]
[18:22:37] [Client thread/INFO]: [CHAT] Given [Lava Bucket] * 1 to Player578
[18:22:38] [Server thread/INFO]: [Player578: Given [Lava Bucket] * 1 to Player578]
[18:22:38] [Client thread/INFO]: [CHAT] Given [Lava Bucket] * 1 to Player578
[18:22:47] [Server thread/INFO]: [Player578: Given [Water Bucket] * 1 to Player578]
[18:22:47] [Client thread/INFO]: [CHAT] Given [Water Bucket] * 1 to Player578
[18:22:50] [Server thread/INFO]: [Player578: Given [Water Bucket] * 1 to Player578]
[18:22:50] [Client thread/INFO]: [CHAT] Given [Water Bucket] * 1 to Player578
[18:22:51] [Server thread/INFO]: [Player578: Given [Water Bucket] * 1 to Player578]
[18:22:51] [Client thread/INFO]: [CHAT] Given [Water Bucket] * 1 to Player578
[18:25:38] [Server thread/INFO]: Saving and pausing game...
[18:25:38] [Server thread/INFO]: Saving chunks for level 'New World'/Overworld
[18:25:39] [Server thread/INFO]: Saving chunks for level 'New World'/Nether
[18:25:39] [Server thread/INFO]: Saving chunks for level 'New World'/The End
[18:52:11] [Server thread/WARN]: Can't keep up! Did the system time change, or is the server overloaded? Running 1317088ms behind, skipping 26341 tick(s)
[18:53:36] [Server thread/INFO]: [Player578: Given [Lava Bucket] * 1 to Player578]
[18:53:36] [Client thread/INFO]: [CHAT] Given [Lava Bucket] * 1 to Player578
[18:53:37] [Server thread/INFO]: [Player578: Given [Lava Bucket] * 1 to Player578]
[18:53:37] [Client thread/INFO]: [CHAT] Given [Lava Bucket] * 1 to Player578
[18:53:38] [Server thread/INFO]: [Player578: Given [Lava Bucket] * 1 to Player578]
[18:53:38] [Client thread/INFO]: [CHAT] Given [Lava Bucket] * 1 to Player578
[18:54:05] [Server thread/INFO]: Saving and pausing game...
[18:54:05] [Server thread/INFO]: Saving chunks for level 'New World'/Overworld
[18:54:05] [Server thread/INFO]: Saving chunks for level 'New World'/Nether
[18:54:05] [Server thread/INFO]: Saving chunks for level 'New World'/The End
[18:54:06] [Client thread/INFO]: Stopping!
[18:54:06] [Server thread/INFO]: Stopping server
[18:54:06] [Server thread/INFO]: Saving players
[18:54:06] [Server thread/INFO]: Saving worlds
[18:54:06] [Server thread/INFO]: Saving chunks for level 'New World'/Overworld
[18:54:06] [Server thread/INFO]: Saving chunks for level 'New World'/Nether
[18:54:06] [Server thread/INFO]: Saving chunks for level 'New World'/The End
[18:54:11] [Client Shutdown Thread/INFO]: Stopping server
[18:54:11] [Client Shutdown Thread/INFO]: Saving players
